<?xml version="1.0" encoding="UTF-8"?>
<!-- Generated by org.testng.reporters.JUnitReportReporter -->
<testsuite skipped="0" hostname="DESKTOP-BA0E603" name="Jan23.checkingTitle1" tests="1" failures="0" timestamp="24 Jan 2020 11:16:04 GMT" time="35.558" errors="0">
  <testcase name="titleverification" time="35.558" classname="Jan23.checkingTitle1"/>
</testsuite> <!-- Jan23.checkingTitle1 -->
