<?xml version="1.0" encoding="UTF-8"?>
<!-- Generated by org.testng.reporters.JUnitReportReporter -->
<testsuite skipped="0" hostname="DESKTOP-BA0E603" name="Jan23.checkingTitle2" tests="1" failures="0" timestamp="24 Jan 2020 11:28:11 GMT" time="33.918" errors="0">
  <testcase name="titlteverification" time="33.918" classname="Jan23.checkingTitle2"/>
</testsuite> <!-- Jan23.checkingTitle2 -->
