<?xml version="1.0" encoding="UTF-8"?>
<!-- Generated by org.testng.reporters.JUnitReportReporter -->
<testsuite skipped="0" hostname="DESKTOP-BA0E603" name="Jan22.Demo1" tests="2" failures="0" timestamp="22 Jan 2020 13:06:49 GMT" time="0.031" errors="0">
  <testcase name="tc2" time="0.016" classname="Jan22.Demo1"/>
  <testcase name="tc1" time="0.015" classname="Jan22.Demo1"/>
</testsuite> <!-- Jan22.Demo1 -->
