<?xml version="1.0" encoding="UTF-8"?>
<!-- Generated by org.testng.reporters.JUnitReportReporter -->
<testsuite skipped="0" hostname="DESKTOP-BA0E603" name="Jan22.Demo3" tests="3" failures="0" timestamp="23 Jan 2020 14:24:27 GMT" time="55.057" errors="0">
  <testcase name="registorlink" time="12.208" classname="Jan22.Demo3"/>
  <testcase name="registorlink" time="11.477" classname="Jan22.Demo3"/>
  <testcase name="registorlink" time="31.372" classname="Jan22.Demo3"/>
</testsuite> <!-- Jan22.Demo3 -->
