<?xml version="1.0" encoding="UTF-8"?>
<!-- Generated by org.testng.reporters.JUnitReportReporter -->
<testsuite skipped="0" hostname="DESKTOP-BA0E603" name="Jan28.PropertyFile" tests="1" failures="0" timestamp="29 Jan 2020 10:53:16 GMT" time="7.428" errors="0">
  <testcase name="Login" time="7.428" classname="Jan28.PropertyFile"/>
</testsuite> <!-- Jan28.PropertyFile -->
