<?xml version="1.0" encoding="UTF-8"?>
<!-- Generated by org.testng.reporters.JUnitReportReporter -->
<testsuite skipped="0" hostname="DESKTOP-BA0E603" name="Jan22.Demo2" tests="3" failures="0" timestamp="23 Jan 2020 06:36:02 GMT" time="0.031" errors="0">
  <testcase name="compose" time="0.015" classname="Jan22.Demo2"/>
  <testcase name="login" time="0.016" classname="Jan22.Demo2"/>
  <testcase name="forword" time="0.000" classname="Jan22.Demo2"/>
</testsuite> <!-- Jan22.Demo2 -->
