<?xml version="1.0" encoding="UTF-8"?>
<!-- Generated by org.testng.reporters.JUnitReportReporter -->
<testsuite skipped="0" hostname="DESKTOP-BA0E603" name="Jan28.DataDriven" tests="1" failures="0" timestamp="30 Jan 2020 10:01:31 GMT" time="60.461" errors="0">
  <testcase name="VerifyLogin" time="60.461" classname="Jan28.DataDriven"/>
</testsuite> <!-- Jan28.DataDriven -->
