<?xml version="1.0" encoding="UTF-8"?>
<!-- Generated by org.testng.reporters.JUnitReportReporter -->
<testsuite skipped="0" hostname="DESKTOP-BA0E603" name="Jan23.Demo1" tests="3" failures="0" timestamp="24 Jan 2020 08:01:06 GMT" time="6.238" errors="0">
  <testcase name="Rigisterlink" time="2.082" classname="Jan23.Demo1"/>
  <testcase name="CarsRentelslink" time="2.097" classname="Jan23.Demo1"/>
  <testcase name="Hotelslink" time="2.059" classname="Jan23.Demo1"/>
</testsuite> <!-- Jan23.Demo1 -->
