<?xml version="1.0" encoding="UTF-8"?>
<!-- Generated by org.testng.reporters.JUnitReportReporter -->
<testsuite skipped="0" hostname="DESKTOP-BA0E603" name="Jan27.Reporting" tests="3" failures="0" timestamp="27 Jan 2020 06:23:31 GMT" time="1.281" errors="0">
  <testcase name="filetest" time="0.131" classname="Jan27.Reporting"/>
  <testcase name="passtest" time="1.011" classname="Jan27.Reporting"/>
  <testcase name="SkipTest" time="0.139" classname="Jan27.Reporting"/>
</testsuite> <!-- Jan27.Reporting -->
