<?xml version="1.0" encoding="UTF-8"?>
<!-- Generated by org.testng.reporters.JUnitReportReporter -->
<testsuite skipped="0" hostname="DESKTOP-BA0E603" name="Jan23.CheckingTitle" tests="1" failures="0" timestamp="23 Jan 2020 16:35:34 GMT" time="28.514" errors="0">
  <testcase name="titleverification" time="28.514" classname="Jan23.CheckingTitle"/>
</testsuite> <!-- Jan23.CheckingTitle -->
